<?xml version="1.0" encoding="UTF-8"?>
<testsuites>
  <testsuite id="0" name="/home/huynhut/project/test/79c78ce6-3088-4218-8fef-eb6fabcf6052/src/tests/App.test.js" errors="0" package="/home/huynhut/project/test/79c78ce6-3088-4218-8fef-eb6fabcf6052/src/tests/App.test.js" hostname="localhost" tests="8" failures="7" time="1.864" timestamp="2020-08-22T05:00:43">
    <properties>
    </properties>
    <testcase classname="Form Validation &lt;App /&gt;" name="renders without crashing" time="0">
    </testcase>
    <testcase classname="Form Validation &lt;App /&gt;" name="check default message" time="0">
      <failure message="Error: expect(received).toEqual(expected)

Expected value to equal:
  &quot;Form is Incomplete!&quot;
Received:
  &quot;&quot;
    at Object.&lt;anonymous&gt; (/home/huynhut/project/test/79c78ce6-3088-4218-8fef-eb6fabcf6052/src/tests/App.test.js:25:32)
    at Object.asyncFn (/home/huynhut/project/test/79c78ce6-3088-4218-8fef-eb6fabcf6052/node_modules/jest-jasmine2/build/jasmine-async.js:68:30)
    at /home/huynhut/project/test/79c78ce6-3088-4218-8fef-eb6fabcf6052/node_modules/jest-jasmine2/build/queueRunner.js:38:12
    at new Promise (&lt;anonymous&gt;)
    at mapper (/home/huynhut/project/test/79c78ce6-3088-4218-8fef-eb6fabcf6052/node_modules/jest-jasmine2/build/queueRunner.js:31:21)
    at /home/huynhut/project/test/79c78ce6-3088-4218-8fef-eb6fabcf6052/node_modules/p-map/index.js:46:16
    at processTicksAndRejections (internal/process/task_queues.js:93:5)" type="AssertionError">
      </failure>
    </testcase>
    <testcase classname="Form Validation &lt;App /&gt;" name="check if all forms fields exist" time="0">
      <failure message="Error: expect(received).toEqual(expected)

Expected value to equal:
  4
Received:
  0
    at Object.&lt;anonymous&gt; (/home/huynhut/project/test/79c78ce6-3088-4218-8fef-eb6fabcf6052/src/tests/App.test.js:31:32)
    at Object.asyncFn (/home/huynhut/project/test/79c78ce6-3088-4218-8fef-eb6fabcf6052/node_modules/jest-jasmine2/build/jasmine-async.js:68:30)
    at /home/huynhut/project/test/79c78ce6-3088-4218-8fef-eb6fabcf6052/node_modules/jest-jasmine2/build/queueRunner.js:38:12
    at new Promise (&lt;anonymous&gt;)
    at mapper (/home/huynhut/project/test/79c78ce6-3088-4218-8fef-eb6fabcf6052/node_modules/jest-jasmine2/build/queueRunner.js:31:21)
    at /home/huynhut/project/test/79c78ce6-3088-4218-8fef-eb6fabcf6052/node_modules/p-map/index.js:46:16
    at processTicksAndRejections (internal/process/task_queues.js:93:5)" type="AssertionError">
      </failure>
    </testcase>
    <testcase classname="Form Validation &lt;App /&gt;" name="check entire form validation when the form is valid" time="0">
      <failure message="Error: Method “simulate” is only meant to be run on a single node. 0 found instead.
    at ReactWrapper.single (/home/huynhut/project/test/79c78ce6-3088-4218-8fef-eb6fabcf6052/node_modules/enzyme/build/ReactWrapper.js:1651:17)
    at ReactWrapper.simulate (/home/huynhut/project/test/79c78ce6-3088-4218-8fef-eb6fabcf6052/node_modules/enzyme/build/ReactWrapper.js:928:21)
    at Object.&lt;anonymous&gt; (/home/huynhut/project/test/79c78ce6-3088-4218-8fef-eb6fabcf6052/src/tests/App.test.js:37:24)
    at Object.asyncFn (/home/huynhut/project/test/79c78ce6-3088-4218-8fef-eb6fabcf6052/node_modules/jest-jasmine2/build/jasmine-async.js:68:30)
    at /home/huynhut/project/test/79c78ce6-3088-4218-8fef-eb6fabcf6052/node_modules/jest-jasmine2/build/queueRunner.js:38:12
    at new Promise (&lt;anonymous&gt;)
    at mapper (/home/huynhut/project/test/79c78ce6-3088-4218-8fef-eb6fabcf6052/node_modules/jest-jasmine2/build/queueRunner.js:31:21)
    at /home/huynhut/project/test/79c78ce6-3088-4218-8fef-eb6fabcf6052/node_modules/p-map/index.js:46:16
    at processTicksAndRejections (internal/process/task_queues.js:93:5)" type="AssertionError">
      </failure>
    </testcase>
    <testcase classname="Form Validation &lt;App /&gt;" name="check entire form validation when the phone number is invalid" time="0">
      <failure message="Error: Method “simulate” is only meant to be run on a single node. 0 found instead.
    at ReactWrapper.single (/home/huynhut/project/test/79c78ce6-3088-4218-8fef-eb6fabcf6052/node_modules/enzyme/build/ReactWrapper.js:1651:17)
    at ReactWrapper.simulate (/home/huynhut/project/test/79c78ce6-3088-4218-8fef-eb6fabcf6052/node_modules/enzyme/build/ReactWrapper.js:928:21)
    at Object.&lt;anonymous&gt; (/home/huynhut/project/test/79c78ce6-3088-4218-8fef-eb6fabcf6052/src/tests/App.test.js:48:24)
    at Object.asyncFn (/home/huynhut/project/test/79c78ce6-3088-4218-8fef-eb6fabcf6052/node_modules/jest-jasmine2/build/jasmine-async.js:68:30)
    at /home/huynhut/project/test/79c78ce6-3088-4218-8fef-eb6fabcf6052/node_modules/jest-jasmine2/build/queueRunner.js:38:12
    at new Promise (&lt;anonymous&gt;)
    at mapper (/home/huynhut/project/test/79c78ce6-3088-4218-8fef-eb6fabcf6052/node_modules/jest-jasmine2/build/queueRunner.js:31:21)
    at /home/huynhut/project/test/79c78ce6-3088-4218-8fef-eb6fabcf6052/node_modules/p-map/index.js:46:16
    at processTicksAndRejections (internal/process/task_queues.js:93:5)" type="AssertionError">
      </failure>
    </testcase>
    <testcase classname="Form Validation &lt;App /&gt;" name="check entire form validation when the email is invalid" time="0">
      <failure message="Error: Method “simulate” is only meant to be run on a single node. 0 found instead.
    at ReactWrapper.single (/home/huynhut/project/test/79c78ce6-3088-4218-8fef-eb6fabcf6052/node_modules/enzyme/build/ReactWrapper.js:1651:17)
    at ReactWrapper.simulate (/home/huynhut/project/test/79c78ce6-3088-4218-8fef-eb6fabcf6052/node_modules/enzyme/build/ReactWrapper.js:928:21)
    at Object.&lt;anonymous&gt; (/home/huynhut/project/test/79c78ce6-3088-4218-8fef-eb6fabcf6052/src/tests/App.test.js:59:24)
    at Object.asyncFn (/home/huynhut/project/test/79c78ce6-3088-4218-8fef-eb6fabcf6052/node_modules/jest-jasmine2/build/jasmine-async.js:68:30)
    at /home/huynhut/project/test/79c78ce6-3088-4218-8fef-eb6fabcf6052/node_modules/jest-jasmine2/build/queueRunner.js:38:12
    at new Promise (&lt;anonymous&gt;)
    at mapper (/home/huynhut/project/test/79c78ce6-3088-4218-8fef-eb6fabcf6052/node_modules/jest-jasmine2/build/queueRunner.js:31:21)
    at /home/huynhut/project/test/79c78ce6-3088-4218-8fef-eb6fabcf6052/node_modules/p-map/index.js:46:16
    at processTicksAndRejections (internal/process/task_queues.js:93:5)" type="AssertionError">
      </failure>
    </testcase>
    <testcase classname="Form Validation &lt;App /&gt;" name="check entire form validation when the url is invalid" time="0">
      <failure message="Error: Method “simulate” is only meant to be run on a single node. 0 found instead.
    at ReactWrapper.single (/home/huynhut/project/test/79c78ce6-3088-4218-8fef-eb6fabcf6052/node_modules/enzyme/build/ReactWrapper.js:1651:17)
    at ReactWrapper.simulate (/home/huynhut/project/test/79c78ce6-3088-4218-8fef-eb6fabcf6052/node_modules/enzyme/build/ReactWrapper.js:928:21)
    at Object.&lt;anonymous&gt; (/home/huynhut/project/test/79c78ce6-3088-4218-8fef-eb6fabcf6052/src/tests/App.test.js:70:24)
    at Object.asyncFn (/home/huynhut/project/test/79c78ce6-3088-4218-8fef-eb6fabcf6052/node_modules/jest-jasmine2/build/jasmine-async.js:68:30)
    at /home/huynhut/project/test/79c78ce6-3088-4218-8fef-eb6fabcf6052/node_modules/jest-jasmine2/build/queueRunner.js:38:12
    at new Promise (&lt;anonymous&gt;)
    at mapper (/home/huynhut/project/test/79c78ce6-3088-4218-8fef-eb6fabcf6052/node_modules/jest-jasmine2/build/queueRunner.js:31:21)
    at /home/huynhut/project/test/79c78ce6-3088-4218-8fef-eb6fabcf6052/node_modules/p-map/index.js:46:16
    at processTicksAndRejections (internal/process/task_queues.js:93:5)" type="AssertionError">
      </failure>
    </testcase>
    <testcase classname="Form Validation &lt;App /&gt;" name="check form validation when the entire form is invalid" time="0">
      <failure message="Error: Method “simulate” is only meant to be run on a single node. 0 found instead.
    at ReactWrapper.single (/home/huynhut/project/test/79c78ce6-3088-4218-8fef-eb6fabcf6052/node_modules/enzyme/build/ReactWrapper.js:1651:17)
    at ReactWrapper.simulate (/home/huynhut/project/test/79c78ce6-3088-4218-8fef-eb6fabcf6052/node_modules/enzyme/build/ReactWrapper.js:928:21)
    at Object.&lt;anonymous&gt; (/home/huynhut/project/test/79c78ce6-3088-4218-8fef-eb6fabcf6052/src/tests/App.test.js:81:24)
    at Object.asyncFn (/home/huynhut/project/test/79c78ce6-3088-4218-8fef-eb6fabcf6052/node_modules/jest-jasmine2/build/jasmine-async.js:68:30)
    at /home/huynhut/project/test/79c78ce6-3088-4218-8fef-eb6fabcf6052/node_modules/jest-jasmine2/build/queueRunner.js:38:12
    at new Promise (&lt;anonymous&gt;)
    at mapper (/home/huynhut/project/test/79c78ce6-3088-4218-8fef-eb6fabcf6052/node_modules/jest-jasmine2/build/queueRunner.js:31:21)
    at /home/huynhut/project/test/79c78ce6-3088-4218-8fef-eb6fabcf6052/node_modules/p-map/index.js:46:16
    at processTicksAndRejections (internal/process/task_queues.js:93:5)" type="AssertionError">
      </failure>
    </testcase>
    <system-out/>
    <system-err/>
  </testsuite>
</testsuites>